<?xml version="1.0" encoding="UTF-8"?>
<!-- Generated by org.testng.reporters.JUnitReportReporter -->
<testsuite skipped="0" hostname="USBLRRAHULPAND1" name="xpheno.testcases.DemoTest" tests="2" failures="0" timestamp="2020-09-18T22:00:48 IST" time="13.149" errors="0">
  <testcase name="launchApplicationAndValidate" time="5.703" classname="xpheno.testcases.DemoTest"/>
  <testcase name="booking" time="7.446" classname="xpheno.testcases.DemoTest"/>
</testsuite> <!-- xpheno.testcases.DemoTest -->
