<?xml version="1.0" encoding="UTF-8"?>
<!-- Generated by org.testng.reporters.JUnitReportReporter -->
<testsuite skipped="0" hostname="USBLRRAHULPAND1" name="xpheno.testcases.DemoTest" tests="2" failures="0" timestamp="2020-09-23T19:27:52 IST" time="502.620" errors="0">
  <testcase name="launchApplicationAndValidate" time="6.848" classname="xpheno.testcases.DemoTest"/>
  <testcase name="booking" time="495.772" classname="xpheno.testcases.DemoTest"/>
</testsuite> <!-- xpheno.testcases.DemoTest -->
